AndroidWear/DataLayer-Sample/Application/build/outputs/logs/manifest-merger-debug-report.txt
-- Merging decision tree log ---
manifest
ADDED from src/main/AndroidManifest.xml:17:1-44:12
	package
		ADDED from src/main/AndroidManifest.xml:18:9-57
	xmlns:android
		ADDED from src/main/AndroidManifest.xml:17:11-69
uses-sdk
ADDED from src/main/AndroidManifest.xml:20:5-21:47
MERGED from [com.android.support:support-v4:23.3.0] AndroidManifest.xml:20:5-43
MERGED from [com.android.support:support-v13:23.3.0] AndroidManifest.xml:20:5-44
MERGED from [com.android.support:support-v4:23.3.0] AndroidManifest.xml:20:5-43
MERGED from [com.android.support:cardview-v7:23.3.0] AndroidManifest.xml:20:5-43
MERGED from [com.google.android.gms:play-services-wearable:8.4.0] AndroidManifest.xml:18:5-42
MERGED from [com.google.android.gms:play-services-base:8.4.0] AndroidManifest.xml:18:5-42
MERGED from [com.google.android.gms:play-services-basement:8.4.0] AndroidManifest.xml:18:5-42
MERGED from [com.android.support:support-v4:23.3.0] AndroidManifest.xml:20:5-43
	android:targetSdkVersion
		ADDED from src/main/AndroidManifest.xml:21:15-44
		INJECTED from src/main/AndroidManifest.xml
		INJECTED from src/main/AndroidManifest.xml
	android:minSdkVersion
		ADDED from src/main/AndroidManifest.xml:20:15-41
		INJECTED from src/main/AndroidManifest.xml
		INJECTED from src/main/AndroidManifest.xml
uses-feature#android.hardware.camera
ADDED from src/main/AndroidManifest.xml:23:5-85
	android:required
		ADDED from src/main/AndroidManifest.xml:23:58-82
	android:name
		ADDED from src/main/AndroidManifest.xml:23:19-57
application
ADDED from src/main/AndroidManifest.xml:25:5-43:19
MERGED from [com.android.support:support-v4:23.3.0] AndroidManifest.xml:22:5-20
MERGED from [com.android.support:support-v13:23.3.0] AndroidManifest.xml:22:5-20
MERGED from [com.android.support:support-v4:23.3.0] AndroidManifest.xml:22:5-20
MERGED from [com.android.support:cardview-v7:23.3.0] AndroidManifest.xml:22:5-20
MERGED from [com.google.android.gms:play-services-wearable:8.4.0] AndroidManifest.xml:19:5-20
MERGED from [com.google.android.gms:play-services-basement:8.4.0] AndroidManifest.xml:20:5-24:19
MERGED from [com.android.support:support-v4:23.3.0] AndroidManifest.xml:22:5-20
	android:label
		ADDED from src/main/AndroidManifest.xml:28:13-45
	android:allowBackup
		ADDED from src/main/AndroidManifest.xml:26:13-39
	android:icon
		ADDED from src/main/AndroidManifest.xml:27:13-49
meta-data#com.google.android.gms.version
ADDED from src/main/AndroidManifest.xml:30:9-32:73
MERGED from [com.google.android.gms:play-services-basement:8.4.0] AndroidManifest.xml:21:9-23:69
	android:value
		ADDED from src/main/AndroidManifest.xml:32:17-70
	android:name
		ADDED from src/main/AndroidManifest.xml:31:17-62
activity#com.example.android.wearable.datalayer.MainActivity
ADDED from src/main/AndroidManifest.xml:34:9-42:20
	android:label
		ADDED from src/main/AndroidManifest.xml:36:17-49
	android:launchMode
		ADDED from src/main/AndroidManifest.xml:37:17-48
	android:name
		ADDED from src/main/AndroidManifest.xml:35:17-45
intent-filter#android.intent.action.MAIN+android.intent.category.LAUNCHER
ADDED from src/main/AndroidManifest.xml:38:13-41:29
action#android.intent.action.MAIN
ADDED from src/main/AndroidManifest.xml:39:17-69
	android:name
		ADDED from src/main/AndroidManifest.xml:39:25-66
category#android.intent.category.LAUNCHER
ADDED from src/main/AndroidManifest.xml:40:17-77
	android:name
		ADDED from src/main/AndroidManifest.xml:40:27-74